[15:27:13] [Datafixer Bootstrap/INFO]: 226 Datafixer optimizations took 656 milliseconds
[15:27:23] [Render thread/INFO]: Environment: Environment[sessionHost=https://sessionserver.mojang.com, servicesHost=https://api.minecraftservices.com, name=PROD]
[15:27:23] [Render thread/INFO]: Setting user: SebSucks
[15:27:23] [Render thread/INFO]: Backend library: LWJGL version 3.3.3+5
[15:27:25] [Render thread/INFO]: Reloading ResourceManager: vanilla
[15:27:26] [Worker-Main-13/INFO]: Found unifont_all_no_pua-15.1.05.hex, loading
[15:27:26] [Worker-Main-2/INFO]: Found unifont_jp_patch-15.1.05.hex, loading
[15:27:29] [Render thread/WARN]: Missing sound for event: minecraft:item.goat_horn.play
[15:27:29] [Render thread/WARN]: Missing sound for event: minecraft:entity.goat.screaming.horn_break
[15:27:29] [Render thread/INFO]: OpenAL initialized on device OpenAL Soft on Speakers (Realtek(R) Audio)
[15:27:29] [Render thread/INFO]: Sound engine started
[15:27:29] [Render thread/INFO]: Created: 1024x512x4 minecraft:textures/atlas/blocks.png-atlas
[15:27:29] [Render thread/INFO]: Created: 256x256x4 minecraft:textures/atlas/signs.png-atlas
[15:27:29] [Render thread/INFO]: Created: 512x512x4 minecraft:textures/atlas/shield_patterns.png-atlas
[15:27:29] [Render thread/INFO]: Created: 512x512x4 minecraft:textures/atlas/banner_patterns.png-atlas
[15:27:29] [Render thread/INFO]: Created: 1024x1024x4 minecraft:textures/atlas/armor_trims.png-atlas
[15:27:29] [Render thread/INFO]: Created: 128x64x4 minecraft:textures/atlas/decorated_pot.png-atlas
[15:27:29] [Render thread/INFO]: Created: 256x256x4 minecraft:textures/atlas/chest.png-atlas
[15:27:29] [Render thread/INFO]: Created: 512x256x4 minecraft:textures/atlas/shulker_boxes.png-atlas
[15:27:29] [Render thread/INFO]: Created: 512x256x4 minecraft:textures/atlas/beds.png-atlas
[15:27:30] [Render thread/INFO]: Created: 512x256x0 minecraft:textures/atlas/particles.png-atlas
[15:27:30] [Render thread/INFO]: Created: 512x256x0 minecraft:textures/atlas/paintings.png-atlas
[15:27:30] [Render thread/INFO]: Created: 256x128x0 minecraft:textures/atlas/mob_effects.png-atlas
[15:27:30] [Render thread/INFO]: Created: 64x64x0 minecraft:textures/atlas/map_decorations.png-atlas
[15:27:30] [Render thread/INFO]: Created: 1024x512x0 minecraft:textures/atlas/gui.png-atlas
[15:27:30] [Render thread/WARN]: Shader rendertype_entity_translucent_emissive could not find sampler named Sampler2 in the specified shader program.
